{
  "RSpec": {
    "coverage": {
      "/home/hmtanbir/www/ffl/app/controllers/game_sessions_controller.rb": {
        "lines": [
          1,
          1,
          null,
          null,
          1,
          2,
          null,
          null,
          null,
          1,
          null,
          null,
          null,
          1,
          2,
          null,
          null,
          null,
          1,
          null,
          null,
          null,
          1,
          8,
          null,
          8,
          4,
          null,
          4,
          null,
          null,
          null,
          null,
          1,
          6,
          2,
          null,
          4,
          null,
          null,
          null,
          null,
          1,
          3,
          3,
          null,
          null,
          1,
          null,
          1,
          13,
          null,
          null,
          null,
          1,
          14,
          null,
          null
        ]
      },
      "/home/hmtanbir/www/ffl/app/controllers/application_controller.rb": {
        "lines": [
          1,
          null
        ]
      },
      "/home/hmtanbir/www/ffl/app/controllers/teams_controller.rb": {
        "lines": [
          1,
          1,
          null,
          null,
          1,
          2,
          null,
          null,
          null,
          1,
          null,
          null,
          null,
          1,
          2,
          null,
          null,
          null,
          1,
          null,
          null,
          null,
          1,
          8,
          null,
          8,
          4,
          null,
          4,
          null,
          null,
          null,
          null,
          1,
          6,
          2,
          null,
          4,
          null,
          null,
          null,
          null,
          1,
          3,
          3,
          null,
          null,
          1,
          null,
          1,
          13,
          null,
          null,
          null,
          1,
          14,
          null,
          null
        ]
      },
      "/home/hmtanbir/www/ffl/app/models/game_session.rb": {
        "lines": [
          1,
          1,
          null
        ]
      },
      "/home/hmtanbir/www/ffl/app/models/team.rb": {
        "lines": [
          1,
          1,
          1,
          null,
          1,
          null
        ]
      }
    },
    "timestamp": 1615909717
  }
}
